<?xml version="1.0" encoding="UTF-8"?>
<!-- Generated by org.testng.reporters.JUnitXMLReporter -->
<testsuite hostname="KMM-DEV-10" name="test1" tests="23" failures="1" timestamp="15 Oct 2014 12:37:12 GMT" time="802.93" errors="0">
  <testcase name="startServer" time="8.488" classname="testNGfiles.RunTests"/>
  <testcase name="getUrl" time="3.051" classname="testNGfiles.Loadurl"/>
  <testcase name="getValue" time="7.669" classname="testNGfiles.Sign_In"/>
  <testcase name="receivePatientData" time="232.928" classname="testNGfiles.RCSampleTest"/>
  <testcase name="editPatient" time="34.923" classname="testNGfiles.RCSampleTest"/>
  <testcase name="PatientPage" time="6.538" classname="testNGfiles.GotoPatient"/>
  <testcase name="receiveNOKData" time="25.857" classname="testNGfiles.NextofKin"/>
  <testcase name="editNOKDetails" time="21.367" classname="testNGfiles.NextofKin"/>
  <testcase name="ReadPDFContent" time="56.986" classname="testNGfiles.PrintLabel"/>
  <testcase name="receiveHospitalData" time="19.536" classname="testNGfiles.Hospital"/>
  <testcase name="editHospitalData" time="19.503" classname="testNGfiles.Hospital"/>
  <testcase name="receiveData" time="13.991" classname="testNGfiles.MoreTest"/>
  <testcase name="receiveData" time="54.95" classname="testNGfiles.AddToWaiting">
    <failure type="org.openqa.selenium.UnhandledAlertException" message="Modal dialog present: Patient name found
Build info: version: &amp;apos;2.41.0&amp;apos;, revision: &amp;apos;3192d8a6c4449dc285928ba024779344f5423c58&amp;apos;, time: &amp;apos;2014-03-27 11:29:39&amp;apos;
System info: host: &amp;apos;KMM-DEV-10&amp;apos;, ip: &amp;apos;192.168.1.181&amp;apos;, os.name: &amp;apos;Windows 7&amp;apos;, os.arch: &amp;apos;x86&amp;apos;, os.version: &amp;apos;6.1&amp;apos;, java.version: &amp;apos;1.7.0_60&amp;apos;
Session ID: bdf1c18e-607a-49a8-83be-9df0cfe37427
Driver info: org.openqa.selenium.firefox.FirefoxDriver
Capabilities [{platform=XP, acceptSslCerts=true, javascriptEnabled=true, cssSelectorsEnabled=true, databaseEnabled=true, browserName=firefox, handlesAlerts=true, browserConnectionEnabled=true, webStorageEnabled=true, nativeEvents=true, rotatable=false, locationContextEnabled=true, applicationCacheEnabled=true, takesScreenshot=true, version=24.0}]">
      <![CDATA[org.openqa.selenium.UnhandledAlertException: Modal dialog present: Patient name found
Build info: version: '2.41.0', revision: '3192d8a6c4449dc285928ba024779344f5423c58', time: '2014-03-27 11:29:39'
System info: host: 'KMM-DEV-10', ip: '192.168.1.181', os.name: 'Windows 7', os.arch: 'x86', os.version: '6.1', java.version: '1.7.0_60'
Session ID: bdf1c18e-607a-49a8-83be-9df0cfe37427
Driver info: org.openqa.selenium.firefox.FirefoxDriver
Capabilities [{platform=XP, acceptSslCerts=true, javascriptEnabled=true, cssSelectorsEnabled=true, databaseEnabled=true, browserName=firefox, handlesAlerts=true, browserConnectionEnabled=true, webStorageEnabled=true, nativeEvents=true, rotatable=false, locationContextEnabled=true, applicationCacheEnabled=true, takesScreenshot=true, version=24.0}]
	at sun.reflect.NativeConstructorAccessorImpl.newInstance0(Native Method)
	at sun.reflect.NativeConstructorAccessorImpl.newInstance(Unknown Source)
	at sun.reflect.DelegatingConstructorAccessorImpl.newInstance(Unknown Source)
	at java.lang.reflect.Constructor.newInstance(Unknown Source)
	at org.openqa.selenium.remote.ErrorHandler.createThrowable(ErrorHandler.java:193)
	at org.openqa.selenium.remote.ErrorHandler.createUnhandledAlertException(ErrorHandler.java:174)
	at org.openqa.selenium.remote.ErrorHandler.throwIfResponseFailed(ErrorHandler.java:141)
	at org.openqa.selenium.remote.RemoteWebDriver.execute(RemoteWebDriver.java:595)
	at org.openqa.selenium.remote.RemoteWebDriver$RemoteTargetLocator.defaultContent(RemoteWebDriver.java:885)
	at testNGfiles.AddToWaiting.receiveData(AddToWaiting.java:218)
	at sun.reflect.NativeMethodAccessorImpl.invoke0(Native Method)
	at sun.reflect.NativeMethodAccessorImpl.invoke(Unknown Source)
	at sun.reflect.DelegatingMethodAccessorImpl.invoke(Unknown Source)
	at java.lang.reflect.Method.invoke(Unknown Source)
	at org.testng.internal.MethodInvocationHelper.invokeMethod(MethodInvocationHelper.java:84)
	at org.testng.internal.Invoker.invokeMethod(Invoker.java:714)
	at org.testng.internal.Invoker.invokeTestMethod(Invoker.java:901)
	at org.testng.internal.Invoker.invokeTestMethods(Invoker.java:1231)
	at org.testng.internal.TestMethodWorker.invokeTestMethods(TestMethodWorker.java:127)
	at org.testng.internal.TestMethodWorker.run(TestMethodWorker.java:111)
	at org.testng.TestRunner.privateRun(TestRunner.java:767)
	at org.testng.TestRunner.run(TestRunner.java:617)
	at org.testng.SuiteRunner.runTest(SuiteRunner.java:334)
	at org.testng.SuiteRunner.runSequentially(SuiteRunner.java:329)
	at org.testng.SuiteRunner.privateRun(SuiteRunner.java:291)
	at org.testng.SuiteRunner.run(SuiteRunner.java:240)
	at org.testng.SuiteRunnerWorker.runSuite(SuiteRunnerWorker.java:52)
	at org.testng.SuiteRunnerWorker.run(SuiteRunnerWorker.java:86)
	at org.testng.TestNG.runSuitesSequentially(TestNG.java:1224)
	at org.testng.TestNG.runSuitesLocally(TestNG.java:1149)
	at org.testng.TestNG.run(TestNG.java:1057)
	at org.testng.remote.RemoteTestNG.run(RemoteTestNG.java:111)
	at org.testng.remote.RemoteTestNG.initAndRun(RemoteTestNG.java:204)
	at org.testng.remote.RemoteTestNG.main(RemoteTestNG.java:175)
]]>
    </failure>
  </testcase> <!-- receiveData -->
  <testcase name="receiveData" time="28.454" classname="testNGfiles.MedicalCertificate"/>
  <testcase name="editData" time="31.551" classname="testNGfiles.MedicalCertificate"/>
  <testcase name="DeleteRecord" time="19.111" classname="testNGfiles.MedicalCertificate"/>
  <testcase name="PrintReport" time="72.142" classname="testNGfiles.Patient_Report"/>
  <testcase name="PatientDiagnosisAddition" time="14.78" classname="testNGfiles.PatientDiagnosis"/>
  <testcase name="ReceiveGpData" time="27.513" classname="testNGfiles.PatientGPAddition"/>
  <testcase name="ReceiveComplaintData" time="22.406" classname="testNGfiles.PatientSummary"/>
  <testcase name="EditRecord" time="11.477" classname="testNGfiles.PatientSummary"/>
  <testcase name="DeleteRecord" time="6.183" classname="testNGfiles.PatientSummary"/>
  <testcase name="stopServer" time="62.898" classname="testNGfiles.EndUp"/>
</testsuite> <!-- test1 -->
