<?xml version="1.0" encoding="UTF-8"?>
<!-- Generated by org.testng.reporters.JUnitXMLReporter -->
<testsuite hostname="KMM-DEV-10" name="test1" tests="27" failures="0" timestamp="23 Oct 2014 06:58:04 GMT" time="998.91" errors="0">
  <testcase name="startServer" time="9.425" classname="testNGfiles.RunTests"/>
  <testcase name="getUrl" time="3.369" classname="testNGfiles.Loadurl"/>
  <testcase name="getValue" time="18.486" classname="testNGfiles.Sign_In"/>
  <testcase name="receivePatientData" time="236.98" classname="testNGfiles.RCSampleTest"/>
  <testcase name="editPatient" time="46.207" classname="testNGfiles.RCSampleTest"/>
  <testcase name="PatientPage" time="6.381" classname="testNGfiles.GotoPatient"/>
  <testcase name="receiveNOKData" time="25.584" classname="testNGfiles.NextofKin"/>
  <testcase name="editNOKDetails" time="24.305" classname="testNGfiles.NextofKin"/>
  <testcase name="ReadPDFContent" time="64.713" classname="testNGfiles.PrintLabel"/>
  <testcase name="receiveHospitalData" time="18.37" classname="testNGfiles.Hospital"/>
  <testcase name="editHospitalData" time="17.932" classname="testNGfiles.Hospital"/>
  <testcase name="receiveData" time="13.177" classname="testNGfiles.MoreTest"/>
  <testcase name="receiveData" time="59.476" classname="testNGfiles.AddToWaiting"/>
  <testcase name="receiveData" time="29.203" classname="testNGfiles.MedicalCertificate"/>
  <testcase name="editData" time="31.859" classname="testNGfiles.MedicalCertificate"/>
  <testcase name="DeleteRecord" time="21.035" classname="testNGfiles.MedicalCertificate"/>
  <testcase name="PrintReport" time="72.422" classname="testNGfiles.Patient_Report"/>
  <testcase name="PatientDiagnosisAddition" time="21.396" classname="testNGfiles.PatientDiagnosis"/>
  <testcase name="ReceiveGpData" time="35.479" classname="testNGfiles.PatientGPAddition"/>
  <testcase name="ReceiveComplaintData" time="24.883" classname="testNGfiles.PatientSummary"/>
  <testcase name="EditRecord" time="11.637" classname="testNGfiles.PatientSummary"/>
  <testcase name="DeleteRecord" time="5.601" classname="testNGfiles.PatientSummary"/>
  <testcase name="ReceivePersonalHistoryData" time="27.253" classname="testNGfiles.PatientPersonalHistory"/>
  <testcase name="EditPersonalHistory" time="39.294" classname="testNGfiles.PatientPersonalHistory"/>
  <testcase name="ReceiveMedicalHistoryData" time="32.121" classname="testNGfiles.PatientMedicalHistory"/>
  <testcase name="EditMedicalHistoryData" time="33.243" classname="testNGfiles.PatientMedicalHistory"/>
  <testcase name="stopServer" time="68.484" classname="testNGfiles.EndUp"/>
</testsuite>
