<?xml version="1.0" encoding="UTF-8"?>
<testsuite name="TestSuite" time="998.391" tests="27" errors="0" skipped="0" failures="0">
  <properties>
[...]
</properties>
  <testcase name="startServer" classname="testNGfiles.RunTests" time="9.44"/>
  <testcase name="getUrl" classname="testNGfiles.Loadurl" time="3.401"/>
  <testcase name="getValue" classname="testNGfiles.Sign_In" time="18.486"/>
  <testcase name="receivePatientData" classname="testNGfiles.RCSampleTest" time="236.98"/>
  <testcase name="editPatient" classname="testNGfiles.RCSampleTest" time="46.223"/>
  <testcase name="PatientPage" classname="testNGfiles.GotoPatient" time="6.365"/>
  <testcase name="receiveNOKData" classname="testNGfiles.NextofKin" time="25.584"/>
  <testcase name="editNOKDetails" classname="testNGfiles.NextofKin" time="24.305"/>
  <testcase name="ReadPDFContent" classname="testNGfiles.PrintLabel" time="64.713"/>
  <testcase name="receiveHospitalData" classname="testNGfiles.Hospital" time="18.369"/>
  <testcase name="editHospitalData" classname="testNGfiles.Hospital" time="17.931"/>
  <testcase name="receiveData" classname="testNGfiles.MoreTest" time="13.175"/>
  <testcase name="receiveData" classname="testNGfiles.AddToWaiting" time="59.476"/>
  <testcase name="receiveData" classname="testNGfiles.MedicalCertificate" time="29.203"/>
  <testcase name="editData" classname="testNGfiles.MedicalCertificate" time="31.859"/>
  <testcase name="DeleteRecord" classname="testNGfiles.MedicalCertificate" time="21.035"/>
  <testcase name="PrintReport" classname="testNGfiles.Patient_Report" time="72.423"/>
  <testcase name="PatientDiagnosisAddition" classname="testNGfiles.PatientDiagnosis" time="21.397"/>
  <testcase name="ReceiveGpData" classname="testNGfiles.PatientGPAddition" time="35.479"/>
  <testcase name="ReceiveComplaintData" classname="testNGfiles.PatientSummary" time="24.883"/>
  <testcase name="EditRecord" classname="testNGfiles.PatientSummary" time="11.637"/>
  <testcase name="DeleteRecord" classname="testNGfiles.PatientSummary" time="5.632"/>
  <testcase name="ReceivePersonalHistoryData" classname="testNGfiles.PatientPersonalHistory" time="27.253"/>
  <testcase name="EditPersonalHistory" classname="testNGfiles.PatientPersonalHistory" time="39.294"/>
  <testcase name="ReceiveMedicalHistoryData" classname="testNGfiles.PatientMedicalHistory" time="32.136"/>
  <testcase name="EditMedicalHistoryData" classname="testNGfiles.PatientMedicalHistory" time="33.228"/>
  <testcase name="stopServer" classname="testNGfiles.EndUp" time="68.484"/>
</testsuite>